Build started 4/28/2015 3:22:39 AM.
     1>Project "C:\Users\Tanmay\Desktop\Semester2\Object Oriented Design\Project3\Tanmay_Fadnavis_Pr3\Message_Passing_Comm\Peer1\Peer1.vcxproj" on node 2 (Rebuild target(s)).
     1>ClCompile:
         C:\Program Files (x86)\Microsoft Visual Studio 12.0\VC\bin\CL.exe /c /ZI /nologo /W3 /WX- /sdl /Od /Oy- /D _MBCS /D _MBCS /D TEST_QUEUE /Gm /EHsc /RTC1 /MDd /GS /fp:precise /Zc:wchar_t /Zc:forScope /Fo"Debug\\" /Fd"Debug\vc120.pdb" /Gd /TP /analyze- /errorReport:prompt AppHelpers.cpp ClientHandler.cpp Executive.cpp FileSystem.cpp MessageInterpreter.cpp Receiver.cpp Sender.cpp Sockets.cpp WindowsHelpers.cpp
         WindowsHelpers.cpp
         Sockets.cpp
         Sender.cpp
         Receiver.cpp
         MessageInterpreter.cpp
         FileSystem.cpp
         Executive.cpp
         ClientHandler.cpp
         AppHelpers.cpp
         Generating Code...
       Link:
         C:\Program Files (x86)\Microsoft Visual Studio 12.0\VC\bin\link.exe /ERRORREPORT:PROMPT /OUT:"C:\Users\Tanmay\Desktop\Semester2\Object Oriented Design\Project3\Tanmay_Fadnavis_Pr3\Message_Passing_Comm\Debug\Peer1.exe" /INCREMENTAL /NOLOGO kernel32.lib user32.lib gdi32.lib winspool.lib comdlg32.lib advapi32.lib shell32.lib ole32.lib oleaut32.lib uuid.lib odbc32.lib odbccp32.lib /MANIFEST /MANIFESTUAC:"level='asInvoker' uiAccess='false'" /manifest:embed /DEBUG /PDB:"C:\Users\Tanmay\Desktop\Semester2\Object Oriented Design\Project3\Tanmay_Fadnavis_Pr3\Message_Passing_Comm\Debug\Peer1.pdb" /TLBID:1 /DYNAMICBASE /NXCOMPAT /IMPLIB:"C:\Users\Tanmay\Desktop\Semester2\Object Oriented Design\Project3\Tanmay_Fadnavis_Pr3\Message_Passing_Comm\Debug\Peer1.lib" /MACHINE:X86 Debug\AppHelpers.obj
         Debug\ClientHandler.obj
         Debug\Executive.obj
         Debug\FileSystem.obj
         Debug\MessageInterpreter.obj
         Debug\Receiver.obj
         Debug\Sender.obj
         Debug\Sockets.obj
         Debug\WindowsHelpers.obj
         Peer1.vcxproj -> C:\Users\Tanmay\Desktop\Semester2\Object Oriented Design\Project3\Tanmay_Fadnavis_Pr3\Message_Passing_Comm\Debug\Peer1.exe
     1>Done Building Project "C:\Users\Tanmay\Desktop\Semester2\Object Oriented Design\Project3\Tanmay_Fadnavis_Pr3\Message_Passing_Comm\Peer1\Peer1.vcxproj" (Rebuild target(s)).

Build succeeded.

Time Elapsed 00:00:11.50
